<?xml version="1.0" encoding="UTF-8"?>
<!-- Generated by org.testng.reporters.JUnitReportReporter -->
<testsuite hostname="LAPTOP-BL7BE9R9" failures="0" tests="2" name="TestNg.DisablingTests" time="0.008" errors="0" timestamp="2023-05-08T09:14:24 IST" skipped="1">
  <testcase classname="TestNg.DisablingTests" name="demo3" time="0.008"/>
  <system-out>
    <![CDATA[demo3]]>
  </system-out>
  <testcase classname="TestNg.DisablingTests" name="demo1">
    <skipped/>
  </testcase> <!-- demo1 -->
  <system-out/>
</testsuite> <!-- TestNg.DisablingTests -->
