<?xml version="1.0" encoding="UTF-8"?>
<!-- Generated by org.testng.reporters.JUnitReportReporter -->
<testsuite hostname="LAPTOP-BL7BE9R9" failures="0" tests="2" name="groupExecution.TestClass1" time="0.010" errors="0" timestamp="2023-05-09T16:13:21 IST" skipped="0">
  <testcase classname="groupExecution.TestClass1" name="tc1" time="0.009"/>
  <system-out/>
  <testcase classname="groupExecution.TestClass1" name="tc3" time="0.001"/>
  <system-out/>
</testsuite> <!-- groupExecution.TestClass1 -->
