<?xml version="1.0" encoding="UTF-8"?>
<!-- Generated by org.testng.reporters.JUnitReportReporter -->
<testsuite hostname="LAPTOP-BL7BE9R9" failures="0" tests="3" name="crossBrowserparallel.TestClass2" time="32.171" errors="0" timestamp="2023-05-11T19:13:19 IST" skipped="0">
  <testcase classname="crossBrowserparallel.TestClass2" name="tc1" time="13.469"/>
  <system-out/>
  <testcase classname="crossBrowserparallel.TestClass2" name="tc1" time="9.142"/>
  <system-out/>
  <testcase classname="crossBrowserparallel.TestClass2" name="tc1" time="9.560"/>
  <system-out/>
</testsuite> <!-- crossBrowserparallel.TestClass2 -->
