<?xml version="1.0" encoding="UTF-8"?>
<!-- Generated by org.testng.reporters.JUnitReportReporter -->
<testsuite hostname="LAPTOP-BL7BE9R9" failures="0" tests="2" name="TestNg.TestClass1" time="0.008" errors="0" timestamp="2023-05-09T09:22:20 IST" skipped="0">
  <testcase classname="TestNg.TestClass1" name="test1" time="0.006"/>
  <system-out/>
  <testcase classname="TestNg.TestClass1" name="test2" time="0.002"/>
  <system-out/>
</testsuite> <!-- TestNg.TestClass1 -->
