<?xml version="1.0" encoding="UTF-8"?>
<!-- Generated by org.testng.reporters.JUnitReportReporter -->
<testsuite hostname="LAPTOP-BL7BE9R9" failures="0" tests="2" name="batchExecution.TestClass6" time="0.006" errors="0" timestamp="2023-05-11T09:26:04 IST" skipped="0">
  <testcase classname="batchExecution.TestClass6" name="test1" time="0.004"/>
  <system-out/>
  <testcase classname="batchExecution.TestClass6" name="test2" time="0.002"/>
  <system-out/>
</testsuite> <!-- batchExecution.TestClass6 -->
