<?xml version="1.0" encoding="UTF-8"?>
<!-- Generated by org.testng.reporters.JUnitReportReporter -->
<testsuite hostname="LAPTOP-BL7BE9R9" failures="0" tests="3" name="crossBrowserparallel.TestClass1" time="29.214" errors="0" timestamp="2023-05-11T19:13:19 IST" skipped="0">
  <testcase classname="crossBrowserparallel.TestClass1" name="tc1" time="10.585"/>
  <system-out/>
  <testcase classname="crossBrowserparallel.TestClass1" name="tc1" time="9.301"/>
  <system-out/>
  <testcase classname="crossBrowserparallel.TestClass1" name="tc1" time="9.328"/>
  <system-out/>
</testsuite> <!-- crossBrowserparallel.TestClass1 -->
