<?xml version="1.0" encoding="UTF-8"?>
<!-- Generated by org.testng.reporters.JUnitReportReporter -->
<testsuite hostname="LAPTOP-BL7BE9R9" failures="0" tests="2" name="TestNg.DependsOnMethodTest" time="13.137" errors="0" timestamp="2023-05-08T09:43:51 IST" skipped="0">
  <testcase classname="TestNg.DependsOnMethodTest" name="loginToActitime" time="4.733"/>
  <system-out/>
  <testcase classname="TestNg.DependsOnMethodTest" name="navigateToActitime" time="8.404"/>
  <system-out/>
</testsuite> <!-- TestNg.DependsOnMethodTest -->
