<?xml version="1.0" encoding="UTF-8"?>
<!-- Generated by org.testng.reporters.JUnitReportReporter -->
<testsuite hostname="LAPTOP-BL7BE9R9" failures="0" tests="6" name="TestNg.InvocationCountAndPriorityTest" time="0.012" errors="0" timestamp="2023-05-08T09:07:14 IST" skipped="0">
  <testcase classname="TestNg.InvocationCountAndPriorityTest" name="test2" time="0.007"/>
  <system-out>
    <![CDATA[test2]]>
  </system-out>
  <testcase classname="TestNg.InvocationCountAndPriorityTest" name="test3" time="0.001"/>
  <system-out>
    <![CDATA[test3]]>
  </system-out>
  <testcase classname="TestNg.InvocationCountAndPriorityTest" name="test3" time="0.000"/>
  <system-out>
    <![CDATA[test3]]>
  </system-out>
  <testcase classname="TestNg.InvocationCountAndPriorityTest" name="test3" time="0.001"/>
  <system-out>
    <![CDATA[test3]]>
  </system-out>
  <testcase classname="TestNg.InvocationCountAndPriorityTest" name="test1" time="0.002"/>
  <system-out>
    <![CDATA[test1]]>
  </system-out>
  <testcase classname="TestNg.InvocationCountAndPriorityTest" name="test1" time="0.001"/>
  <system-out>
    <![CDATA[test1]]>
  </system-out>
</testsuite> <!-- TestNg.InvocationCountAndPriorityTest -->
