<?xml version="1.0" encoding="UTF-8"?>
<!-- Generated by org.testng.reporters.JUnitReportReporter -->
<testsuite hostname="LAPTOP-BL7BE9R9" failures="0" tests="1" name="ReRunFailedscript.TestClass3" time="0.016" errors="0" timestamp="2023-05-12T10:00:22 IST" skipped="0">
  <testcase classname="ReRunFailedscript.TestClass3" name="test1" time="0.016"/>
  <system-out/>
</testsuite> <!-- ReRunFailedscript.TestClass3 -->
