<?xml version="1.0" encoding="UTF-8"?>
<!-- Generated by org.testng.reporters.JUnitReportReporter -->
<testsuite hostname="LAPTOP-BL7BE9R9" failures="0" tests="2" name="TestNg.SamePriorityTests" time="0.009" errors="0" timestamp="2023-05-06T10:09:32 IST" skipped="0">
  <testcase classname="TestNg.SamePriorityTests" name="googgleTest" time="0.001"/>
  <system-out>
    <![CDATA[google]]>
  </system-out>
  <testcase classname="TestNg.SamePriorityTests" name="ebayTest" time="0.008"/>
  <system-out>
    <![CDATA[ebay]]>
  </system-out>
</testsuite> <!-- TestNg.SamePriorityTests -->
