<?xml version="1.0" encoding="UTF-8"?>
<!-- Generated by org.testng.reporters.JUnitReportReporter -->
<testsuite hostname="LAPTOP-BL7BE9R9" failures="0" tests="1" name="TestNg.SampleTest" time="0.009" errors="0" timestamp="2023-05-06T09:31:24 IST" skipped="0">
  <testcase classname="TestNg.SampleTest" name="demoTest" time="0.009"/>
  <system-out>
    <![CDATA[Hello world]]>
  </system-out>
</testsuite> <!-- TestNg.SampleTest -->
