<?xml version="1.0" encoding="UTF-8"?>
<!-- Generated by org.testng.reporters.JUnitReportReporter -->
<testsuite hostname="LAPTOP-BL7BE9R9" failures="0" tests="3" name="TestNg.InvocationCountTest" time="0.011" errors="0" timestamp="2023-05-08T08:52:25 IST" skipped="0">
  <testcase classname="TestNg.InvocationCountTest" name="demo1" time="0.008"/>
  <system-out>
    <![CDATA[demo1]]>
  </system-out>
  <testcase classname="TestNg.InvocationCountTest" name="demo1" time="0.002"/>
  <system-out>
    <![CDATA[demo1]]>
  </system-out>
  <testcase classname="TestNg.InvocationCountTest" name="demo2" time="0.001"/>
  <system-out>
    <![CDATA[demo2]]>
  </system-out>
</testsuite> <!-- TestNg.InvocationCountTest -->
