<?xml version="1.0" encoding="UTF-8"?>
<!-- Generated by org.testng.reporters.JUnitReportReporter -->
<testsuite hostname="LAPTOP-BL7BE9R9" failures="0" tests="5" name="TestNg.PrioritizingTestCase" time="0.011" errors="0" timestamp="2023-05-06T09:48:48 IST" skipped="0">
  <testcase classname="TestNg.PrioritizingTestCase" name="demoTest2" time="0.008"/>
  <system-out>
    <![CDATA[demoTest2]]>
  </system-out>
  <testcase classname="TestNg.PrioritizingTestCase" name="demoTest5" time="0.001"/>
  <system-out>
    <![CDATA[demoTest5]]>
  </system-out>
  <testcase classname="TestNg.PrioritizingTestCase" name="demoTest4" time="0.000"/>
  <system-out>
    <![CDATA[demoTest4]]>
  </system-out>
  <testcase classname="TestNg.PrioritizingTestCase" name="demoTest1" time="0.001"/>
  <system-out>
    <![CDATA[demoTest1]]>
  </system-out>
  <testcase classname="TestNg.PrioritizingTestCase" name="demoTest3" time="0.001"/>
  <system-out>
    <![CDATA[demoTest3]]>
  </system-out>
</testsuite> <!-- TestNg.PrioritizingTestCase -->
