<?xml version="1.0" encoding="UTF-8"?>
<!-- Generated by org.testng.reporters.JUnitReportReporter -->
<testsuite hostname="LAPTOP-BL7BE9R9" failures="0" tests="1" name="listeners.TestClass" time="0.005" errors="0" timestamp="2023-05-13T09:40:15 IST" skipped="0">
  <testcase classname="listeners.TestClass" name="tc1" time="0.005"/>
  <system-out>
    <![CDATA[hello]]>
  </system-out>
</testsuite> <!-- listeners.TestClass -->
