<?xml version="1.0" encoding="UTF-8"?>
<!-- Generated by org.testng.reporters.JUnitReportReporter -->
<testsuite hostname="LAPTOP-BL7BE9R9" failures="0" tests="2" name="ReRunFailedscript.TestClass2" time="0.004" errors="0" timestamp="2023-05-12T09:59:08 IST" skipped="0">
  <testcase classname="ReRunFailedscript.TestClass2" name="test1" time="0.002"/>
  <system-out/>
  <testcase classname="ReRunFailedscript.TestClass2" name="test2" time="0.002"/>
  <system-out/>
</testsuite> <!-- ReRunFailedscript.TestClass2 -->
